This file contains any messages produced by compilers while
running configure, to aid debugging if configure makes a mistake.

It was created by libusbx configure 1.0.16, which was
generated by GNU Autoconf 2.69.  Invocation command line was

  $ ./configure --prefix=/Users/paul/src/github/Printrbot/FirmwareUpdatr/dfu CFLAGS=-m32 -mmacosx-version-min=10.5

## --------- ##
## Platform. ##
## --------- ##

hostname = Telford-Computer.local
uname -m = x86_64
uname -r = 13.0.0
uname -s = Darwin
uname -v = Darwin Kernel Version 13.0.0: Thu Sep 19 22:22:27 PDT 2013; root:xnu-2422.1.72~6/RELEASE_X86_64

/usr/bin/uname -p = i386
/bin/uname -X     = unknown

/bin/arch              = unknown
/usr/bin/arch -k       = unknown
/usr/convex/getsysinfo = unknown
/usr/bin/hostinfo      = Mach kernel version:
	 Darwin Kernel Version 13.0.0: Thu Sep 19 22:22:27 PDT 2013; root:xnu-2422.1.72~6/RELEASE_X86_64
Kernel configured for up to 8 processors.
4 processors are physically available.
8 processors are logically available.
Processor type: i486 (Intel 80486)
Processors active: 0 1 2 3 4 5 6 7
Primary memory available: 16.00 gigabytes
Default processor set: 237 tasks, 1230 threads, 8 processors
Load average: 1.73, Mach factor: 6.26
/bin/machine           = unknown
/usr/bin/oslevel       = unknown
/bin/universe          = unknown

PATH: /usr/bin
PATH: /bin
PATH: /usr/sbin
PATH: /sbin
PATH: /usr/local/bin
PATH: /usr/local/git/bin
PATH: /usr/local/CrossPack-AVR/bin
PATH: /opt/local/bin
PATH: /opt/local/sbin


## ----------- ##
## Core tests. ##
## ----------- ##

configure:2409: checking for a BSD-compatible install
configure:2477: result: /usr/bin/install -c
configure:2488: checking whether build environment is sane
configure:2543: result: yes
configure:2694: checking for a thread-safe mkdir -p
configure:2733: result: ./install-sh -c -d
configure:2740: checking for gawk
configure:2770: result: no
configure:2740: checking for mawk
configure:2770: result: no
configure:2740: checking for nawk
configure:2770: result: no
configure:2740: checking for awk
configure:2756: found /usr/bin/awk
configure:2767: result: awk
configure:2778: checking whether make sets $(MAKE)
configure:2800: result: yes
configure:2829: checking whether make supports nested variables
configure:2846: result: yes
configure:2931: checking whether to enable maintainer-specific portions of Makefiles
configure:2940: result: no
configure:2969: checking whether make supports nested variables
configure:2986: result: yes
configure:3047: checking for gcc
configure:3063: found /usr/bin/gcc
configure:3074: result: gcc
configure:3303: checking for C compiler version
configure:3312: gcc --version >&5
Apple LLVM version 5.0 (clang-500.2.79) (based on LLVM 3.3svn)
Target: x86_64-apple-darwin13.0.0
Thread model: posix
Configured with: --prefix=/Applications/Xcode.app/Contents/Developer/usr --with-gxx-include-dir=/Applications/Xcode.app/Contents/Developer/Platforms/MacOSX.platform/Developer/SDKs/MacOSX10.9.sdk/usr/include/c++/4.2.1
configure:3323: $? = 0
configure:3312: gcc -v >&5
Configured with: --prefix=/Applications/Xcode.app/Contents/Developer/usr --with-gxx-include-dir=/Applications/Xcode.app/Contents/Developer/Platforms/MacOSX.platform/Developer/SDKs/MacOSX10.9.sdk/usr/include/c++/4.2.1
Apple LLVM version 5.0 (clang-500.2.79) (based on LLVM 3.3svn)
Target: x86_64-apple-darwin13.0.0
Thread model: posix
configure:3323: $? = 0
configure:3312: gcc -V >&5
clang: error: argument to '-V' is missing (expected 1 value)
clang: error: no input files
configure:3323: $? = 1
configure:3312: gcc -qversion >&5
clang: error: no input files
configure:3323: $? = 1
configure:3343: checking whether the C compiler works
configure:3365: gcc -m32 -mmacosx-version-min=10.5   conftest.c  >&5
configure:3369: $? = 0
configure:3417: result: yes
configure:3420: checking for C compiler default output file name
configure:3422: result: a.out
configure:3428: checking for suffix of executables
configure:3435: gcc -o conftest -m32 -mmacosx-version-min=10.5   conftest.c  >&5
configure:3439: $? = 0
configure:3461: result: 
configure:3483: checking whether we are cross compiling
configure:3491: gcc -o conftest -m32 -mmacosx-version-min=10.5   conftest.c  >&5
configure:3495: $? = 0
configure:3502: ./conftest
configure:3506: $? = 0
configure:3521: result: no
configure:3526: checking for suffix of object files
configure:3548: gcc -c -m32 -mmacosx-version-min=10.5  conftest.c >&5
configure:3552: $? = 0
configure:3573: result: o
configure:3577: checking whether we are using the GNU C compiler
configure:3596: gcc -c -m32 -mmacosx-version-min=10.5  conftest.c >&5
configure:3596: $? = 0
configure:3605: result: yes
configure:3614: checking whether gcc accepts -g
configure:3634: gcc -c -g  conftest.c >&5
configure:3634: $? = 0
configure:3675: result: yes
configure:3692: checking for gcc option to accept ISO C89
configure:3755: gcc  -c -m32 -mmacosx-version-min=10.5  conftest.c >&5
configure:3755: $? = 0
configure:3768: result: none needed
configure:3799: checking for style of include used by make
configure:3827: result: GNU
configure:3853: checking dependency style of gcc
configure:3964: result: gcc3
configure:4008: checking build system type
configure:4022: result: x86_64-apple-darwin13.0.0
configure:4042: checking host system type
configure:4055: result: x86_64-apple-darwin13.0.0
configure:4096: checking how to print strings
configure:4123: result: printf
configure:4144: checking for a sed that does not truncate output
configure:4208: result: /usr/bin/sed
configure:4226: checking for grep that handles long lines and -e
configure:4284: result: /usr/bin/grep
configure:4289: checking for egrep
configure:4351: result: /usr/bin/grep -E
configure:4356: checking for fgrep
configure:4418: result: /usr/bin/grep -F
configure:4453: checking for ld used by gcc
configure:4520: result: /Applications/Xcode.app/Contents/Developer/Toolchains/XcodeDefault.xctoolchain/usr/bin/ld
configure:4527: checking if the linker (/Applications/Xcode.app/Contents/Developer/Toolchains/XcodeDefault.xctoolchain/usr/bin/ld) is GNU ld
configure:4542: result: no
configure:4554: checking for BSD- or MS-compatible name lister (nm)
configure:4603: result: /usr/bin/nm
configure:4733: checking the name lister (/usr/bin/nm) interface
configure:4740: gcc -c -m32 -mmacosx-version-min=10.5  conftest.c >&5
configure:4743: /usr/bin/nm "conftest.o"
configure:4746: output
00000000 S _some_variable
configure:4753: result: BSD nm
configure:4756: checking whether ln -s works
configure:4760: result: yes
configure:4768: checking the maximum length of command line arguments
configure:4898: result: 196608
configure:4915: checking whether the shell understands some XSI constructs
configure:4925: result: yes
configure:4929: checking whether the shell understands "+="
configure:4935: result: yes
configure:4970: checking how to convert x86_64-apple-darwin13.0.0 file names to x86_64-apple-darwin13.0.0 format
configure:5010: result: func_convert_file_noop
configure:5017: checking how to convert x86_64-apple-darwin13.0.0 file names to toolchain format
configure:5037: result: func_convert_file_noop
configure:5044: checking for /Applications/Xcode.app/Contents/Developer/Toolchains/XcodeDefault.xctoolchain/usr/bin/ld option to reload object files
configure:5051: result: -r
configure:5125: checking for objdump
configure:5155: result: no
configure:5184: checking how to recognize dependent libraries
configure:5386: result: pass_all
configure:5471: checking for dlltool
configure:5501: result: no
configure:5531: checking how to associate runtime and link libraries
configure:5558: result: printf %s\n
configure:5619: checking for ar
configure:5635: found /usr/bin/ar
configure:5646: result: ar
configure:5683: checking for archiver @FILE support
configure:5700: gcc -c -m32 -mmacosx-version-min=10.5  conftest.c >&5
configure:5700: $? = 0
configure:5703: ar cru libconftest.a @conftest.lst >&5
ar: @conftest.lst: No such file or directory
configure:5706: $? = 1
configure:5726: result: no
configure:5784: checking for strip
configure:5800: found /usr/bin/strip
configure:5811: result: strip
configure:5883: checking for ranlib
configure:5899: found /usr/bin/ranlib
configure:5910: result: ranlib
configure:6012: checking command to parse /usr/bin/nm output from gcc object
configure:6132: gcc -c -m32 -mmacosx-version-min=10.5  conftest.c >&5
configure:6135: $? = 0
configure:6139: /usr/bin/nm conftest.o \| sed -n -e 's/^.*[ ]\([BCDEGRST][BCDEGRST]*\)[ ][ ]*\([_A-Za-z][_A-Za-z0-9]*\)$/\1 \2 \2/p' | sed '/ __gnu_lto/d' \> conftest.nm
configure:6142: $? = 0
cannot find nm_test_var in conftest.nm
configure:6132: gcc -c -m32 -mmacosx-version-min=10.5  conftest.c >&5
configure:6135: $? = 0
configure:6139: /usr/bin/nm conftest.o \| sed -n -e 's/^.*[ ]\([BCDEGRST][BCDEGRST]*\)[ ][ ]*_\([_A-Za-z][_A-Za-z0-9]*\)$/\1 _\2 \2/p' | sed '/ __gnu_lto/d' \> conftest.nm
configure:6142: $? = 0
configure:6208: gcc -o conftest -m32 -mmacosx-version-min=10.5   conftest.c conftstm.o >&5
configure:6211: $? = 0
configure:6249: result: ok
configure:6286: checking for sysroot
configure:6316: result: no
configure:6572: checking for mt
configure:6602: result: no
configure:6622: checking if : is a manifest tool
configure:6628: : '-?'
configure:6636: result: no
configure:6692: checking for dsymutil
configure:6708: found /usr/bin/dsymutil
configure:6719: result: dsymutil
configure:6784: checking for nmedit
configure:6800: found /usr/bin/nmedit
configure:6811: result: nmedit
configure:6876: checking for lipo
configure:6892: found /usr/bin/lipo
configure:6903: result: lipo
configure:6968: checking for otool
configure:6984: found /usr/bin/otool
configure:6995: result: otool
configure:7060: checking for otool64
configure:7090: result: no
configure:7135: checking for -single_module linker flag
gcc -m32 -mmacosx-version-min=10.5  -o libconftest.dylib -dynamiclib -Wl,-single_module conftest.c
configure:7168: result: yes
configure:7171: checking for -exported_symbols_list linker flag
configure:7191: gcc -o conftest -m32 -mmacosx-version-min=10.5   -Wl,-exported_symbols_list,conftest.sym conftest.c  >&5
configure:7191: $? = 0
configure:7201: result: yes
configure:7204: checking for -force_load linker flag
gcc -m32 -mmacosx-version-min=10.5 -c -o conftest.o conftest.c
ar cru libconftest.a conftest.o
ranlib libconftest.a
gcc -m32 -mmacosx-version-min=10.5  -o conftest conftest.c -Wl,-force_load,./libconftest.a
configure:7236: result: yes
configure:7278: checking how to run the C preprocessor
configure:7309: gcc -E  conftest.c
configure:7309: $? = 0
configure:7323: gcc -E  conftest.c
conftest.c:11:10: fatal error: 'ac_nonexistent.h' file not found
#include <ac_nonexistent.h>
         ^
1 error generated.
configure:7323: $? = 1
configure: failed program was:
| /* confdefs.h */
| #define PACKAGE_NAME "libusbx"
| #define PACKAGE_TARNAME "libusbx"
| #define PACKAGE_VERSION "1.0.16"
| #define PACKAGE_STRING "libusbx 1.0.16"
| #define PACKAGE_BUGREPORT "libusbx-devel@lists.sourceforge.net"
| #define PACKAGE_URL "http://libusbx.org"
| #define PACKAGE "libusbx"
| #define VERSION "1.0.16"
| /* end confdefs.h.  */
| #include <ac_nonexistent.h>
configure:7348: result: gcc -E
configure:7368: gcc -E  conftest.c
configure:7368: $? = 0
configure:7382: gcc -E  conftest.c
conftest.c:11:10: fatal error: 'ac_nonexistent.h' file not found
#include <ac_nonexistent.h>
         ^
1 error generated.
configure:7382: $? = 1
configure: failed program was:
| /* confdefs.h */
| #define PACKAGE_NAME "libusbx"
| #define PACKAGE_TARNAME "libusbx"
| #define PACKAGE_VERSION "1.0.16"
| #define PACKAGE_STRING "libusbx 1.0.16"
| #define PACKAGE_BUGREPORT "libusbx-devel@lists.sourceforge.net"
| #define PACKAGE_URL "http://libusbx.org"
| #define PACKAGE "libusbx"
| #define VERSION "1.0.16"
| /* end confdefs.h.  */
| #include <ac_nonexistent.h>
configure:7411: checking for ANSI C header files
configure:7431: gcc -c -m32 -mmacosx-version-min=10.5  conftest.c >&5
configure:7431: $? = 0
configure:7504: gcc -o conftest -m32 -mmacosx-version-min=10.5   conftest.c  >&5
configure:7504: $? = 0
configure:7504: ./conftest
configure:7504: $? = 0
configure:7515: result: yes
configure:7528: checking for sys/types.h
configure:7528: gcc -c -m32 -mmacosx-version-min=10.5  conftest.c >&5
configure:7528: $? = 0
configure:7528: result: yes
configure:7528: checking for sys/stat.h
configure:7528: gcc -c -m32 -mmacosx-version-min=10.5  conftest.c >&5
configure:7528: $? = 0
configure:7528: result: yes
configure:7528: checking for stdlib.h
configure:7528: gcc -c -m32 -mmacosx-version-min=10.5  conftest.c >&5
configure:7528: $? = 0
configure:7528: result: yes
configure:7528: checking for string.h
configure:7528: gcc -c -m32 -mmacosx-version-min=10.5  conftest.c >&5
configure:7528: $? = 0
configure:7528: result: yes
configure:7528: checking for memory.h
configure:7528: gcc -c -m32 -mmacosx-version-min=10.5  conftest.c >&5
configure:7528: $? = 0
configure:7528: result: yes
configure:7528: checking for strings.h
configure:7528: gcc -c -m32 -mmacosx-version-min=10.5  conftest.c >&5
configure:7528: $? = 0
configure:7528: result: yes
configure:7528: checking for inttypes.h
configure:7528: gcc -c -m32 -mmacosx-version-min=10.5  conftest.c >&5
configure:7528: $? = 0
configure:7528: result: yes
configure:7528: checking for stdint.h
configure:7528: gcc -c -m32 -mmacosx-version-min=10.5  conftest.c >&5
configure:7528: $? = 0
configure:7528: result: yes
configure:7528: checking for unistd.h
configure:7528: gcc -c -m32 -mmacosx-version-min=10.5  conftest.c >&5
configure:7528: $? = 0
configure:7528: result: yes
configure:7542: checking for dlfcn.h
configure:7542: gcc -c -m32 -mmacosx-version-min=10.5  conftest.c >&5
configure:7542: $? = 0
configure:7542: result: yes
configure:7748: checking for objdir
configure:7763: result: .libs
configure:8034: checking if gcc supports -fno-rtti -fno-exceptions
configure:8052: gcc -c -m32 -mmacosx-version-min=10.5  -fno-rtti -fno-exceptions conftest.c >&5
configure:8056: $? = 0
configure:8069: result: yes
configure:8396: checking for gcc option to produce PIC
configure:8403: result: -fno-common -DPIC
configure:8411: checking if gcc PIC flag -fno-common -DPIC works
configure:8429: gcc -c -m32 -mmacosx-version-min=10.5  -fno-common -DPIC -DPIC conftest.c >&5
configure:8433: $? = 0
configure:8446: result: yes
configure:8475: checking if gcc static flag -static works
configure:8503: result: no
configure:8518: checking if gcc supports -c -o file.o
configure:8539: gcc -c -m32 -mmacosx-version-min=10.5  -o out/conftest2.o conftest.c >&5
configure:8543: $? = 0
configure:8565: result: yes
configure:8573: checking if gcc supports -c -o file.o
configure:8620: result: yes
configure:8653: checking whether the gcc linker (/Applications/Xcode.app/Contents/Developer/Toolchains/XcodeDefault.xctoolchain/usr/bin/ld) supports shared libraries
configure:9806: result: yes
configure:10046: checking dynamic linker characteristics
configure:10783: result: darwin13.0.0 dyld
configure:10890: checking how to hardcode library paths into programs
configure:10915: result: immediate
configure:11455: checking whether stripping libraries is possible
configure:11469: result: yes
configure:11495: checking if libtool supports shared libraries
configure:11497: result: yes
configure:11500: checking whether to build shared libraries
configure:11521: result: yes
configure:11524: checking whether to build static libraries
configure:11528: result: yes
configure:11608: checking for windres
configure:11638: result: no
configure:11742: checking for inline
configure:11758: gcc -c -m32 -mmacosx-version-min=10.5  conftest.c >&5
configure:11758: $? = 0
configure:11766: result: inline
configure:11785: checking whether gcc and cc understand -c and -o together
configure:11816: gcc -c conftest.c -o conftest2.o >&5
configure:11820: $? = 0
configure:11826: gcc -c conftest.c -o conftest2.o >&5
configure:11830: $? = 0
configure:11841: cc -c conftest.c >&5
configure:11845: $? = 0
configure:11853: cc -c conftest.c -o conftest2.o >&5
configure:11857: $? = 0
configure:11863: cc -c conftest.c -o conftest2.o >&5
configure:11867: $? = 0
configure:11885: result: yes
configure:11916: checking operating system
configure:11927: result: Darwin/Mac OS X
configure:12142: checking poll.h usability
configure:12142: gcc -c -m32 -mmacosx-version-min=10.5  conftest.c >&5
configure:12142: $? = 0
configure:12142: result: yes
configure:12142: checking poll.h presence
configure:12142: gcc -E  conftest.c
configure:12142: $? = 0
configure:12142: result: yes
configure:12142: checking for poll.h
configure:12142: result: yes
configure:12152: checking for nfds_t
configure:12152: gcc -c -m32 -mmacosx-version-min=10.5  conftest.c >&5
configure:12152: $? = 0
configure:12152: gcc -c -m32 -mmacosx-version-min=10.5  conftest.c >&5
conftest.c:31:21: error: expected expression
if (sizeof ((nfds_t)))
                    ^
1 error generated.
configure:12152: $? = 1
configure: failed program was:
| /* confdefs.h */
| #define PACKAGE_NAME "libusbx"
| #define PACKAGE_TARNAME "libusbx"
| #define PACKAGE_VERSION "1.0.16"
| #define PACKAGE_STRING "libusbx 1.0.16"
| #define PACKAGE_BUGREPORT "libusbx-devel@lists.sourceforge.net"
| #define PACKAGE_URL "http://libusbx.org"
| #define PACKAGE "libusbx"
| #define VERSION "1.0.16"
| #define STDC_HEADERS 1
| #define HAVE_SYS_TYPES_H 1
| #define HAVE_SYS_STAT_H 1
| #define HAVE_STDLIB_H 1
| #define HAVE_STRING_H 1
| #define HAVE_MEMORY_H 1
| #define HAVE_STRINGS_H 1
| #define HAVE_INTTYPES_H 1
| #define HAVE_STDINT_H 1
| #define HAVE_UNISTD_H 1
| #define HAVE_DLFCN_H 1
| #define LT_OBJDIR ".libs/"
| #define _GNU_SOURCE 1
| #define OS_DARWIN 1
| #define HAVE_POLL_H 1
| /* end confdefs.h.  */
| #include <poll.h>
| 
| int
| main ()
| {
| if (sizeof ((nfds_t)))
| 	    return 0;
|   ;
|   return 0;
| }
configure:12152: result: yes
configure:12266: checking sys/timerfd.h usability
configure:12266: gcc -c -m32 -mmacosx-version-min=10.5  conftest.c >&5
conftest.c:61:10: fatal error: 'sys/timerfd.h' file not found
#include <sys/timerfd.h>
         ^
1 error generated.
configure:12266: $? = 1
configure: failed program was:
| /* confdefs.h */
| #define PACKAGE_NAME "libusbx"
| #define PACKAGE_TARNAME "libusbx"
| #define PACKAGE_VERSION "1.0.16"
| #define PACKAGE_STRING "libusbx 1.0.16"
| #define PACKAGE_BUGREPORT "libusbx-devel@lists.sourceforge.net"
| #define PACKAGE_URL "http://libusbx.org"
| #define PACKAGE "libusbx"
| #define VERSION "1.0.16"
| #define STDC_HEADERS 1
| #define HAVE_SYS_TYPES_H 1
| #define HAVE_SYS_STAT_H 1
| #define HAVE_STDLIB_H 1
| #define HAVE_STRING_H 1
| #define HAVE_MEMORY_H 1
| #define HAVE_STRINGS_H 1
| #define HAVE_INTTYPES_H 1
| #define HAVE_STDINT_H 1
| #define HAVE_UNISTD_H 1
| #define HAVE_DLFCN_H 1
| #define LT_OBJDIR ".libs/"
| #define _GNU_SOURCE 1
| #define OS_DARWIN 1
| #define HAVE_POLL_H 1
| #define POLL_NFDS_TYPE nfds_t
| #define THREADS_POSIX 1
| /* end confdefs.h.  */
| #include <stdio.h>
| #ifdef HAVE_SYS_TYPES_H
| # include <sys/types.h>
| #endif
| #ifdef HAVE_SYS_STAT_H
| # include <sys/stat.h>
| #endif
| #ifdef STDC_HEADERS
| # include <stdlib.h>
| # include <stddef.h>
| #else
| # ifdef HAVE_STDLIB_H
| #  include <stdlib.h>
| # endif
| #endif
| #ifdef HAVE_STRING_H
| # if !defined STDC_HEADERS && defined HAVE_MEMORY_H
| #  include <memory.h>
| # endif
| # include <string.h>
| #endif
| #ifdef HAVE_STRINGS_H
| # include <strings.h>
| #endif
| #ifdef HAVE_INTTYPES_H
| # include <inttypes.h>
| #endif
| #ifdef HAVE_STDINT_H
| # include <stdint.h>
| #endif
| #ifdef HAVE_UNISTD_H
| # include <unistd.h>
| #endif
| #include <sys/timerfd.h>
configure:12266: result: no
configure:12266: checking sys/timerfd.h presence
configure:12266: gcc -E  conftest.c
conftest.c:28:10: fatal error: 'sys/timerfd.h' file not found
#include <sys/timerfd.h>
         ^
1 error generated.
configure:12266: $? = 1
configure: failed program was:
| /* confdefs.h */
| #define PACKAGE_NAME "libusbx"
| #define PACKAGE_TARNAME "libusbx"
| #define PACKAGE_VERSION "1.0.16"
| #define PACKAGE_STRING "libusbx 1.0.16"
| #define PACKAGE_BUGREPORT "libusbx-devel@lists.sourceforge.net"
| #define PACKAGE_URL "http://libusbx.org"
| #define PACKAGE "libusbx"
| #define VERSION "1.0.16"
| #define STDC_HEADERS 1
| #define HAVE_SYS_TYPES_H 1
| #define HAVE_SYS_STAT_H 1
| #define HAVE_STDLIB_H 1
| #define HAVE_STRING_H 1
| #define HAVE_MEMORY_H 1
| #define HAVE_STRINGS_H 1
| #define HAVE_INTTYPES_H 1
| #define HAVE_STDINT_H 1
| #define HAVE_UNISTD_H 1
| #define HAVE_DLFCN_H 1
| #define LT_OBJDIR ".libs/"
| #define _GNU_SOURCE 1
| #define OS_DARWIN 1
| #define HAVE_POLL_H 1
| #define POLL_NFDS_TYPE nfds_t
| #define THREADS_POSIX 1
| /* end confdefs.h.  */
| #include <sys/timerfd.h>
configure:12266: result: no
configure:12266: checking for sys/timerfd.h
configure:12266: result: no
configure:12286: checking whether TFD_NONBLOCK is declared
configure:12286: gcc -c -m32 -mmacosx-version-min=10.5  conftest.c >&5
conftest.c:28:10: fatal error: 'sys/timerfd.h' file not found
#include <sys/timerfd.h>
         ^
1 error generated.
configure:12286: $? = 1
configure: failed program was:
| /* confdefs.h */
| #define PACKAGE_NAME "libusbx"
| #define PACKAGE_TARNAME "libusbx"
| #define PACKAGE_VERSION "1.0.16"
| #define PACKAGE_STRING "libusbx 1.0.16"
| #define PACKAGE_BUGREPORT "libusbx-devel@lists.sourceforge.net"
| #define PACKAGE_URL "http://libusbx.org"
| #define PACKAGE "libusbx"
| #define VERSION "1.0.16"
| #define STDC_HEADERS 1
| #define HAVE_SYS_TYPES_H 1
| #define HAVE_SYS_STAT_H 1
| #define HAVE_STDLIB_H 1
| #define HAVE_STRING_H 1
| #define HAVE_MEMORY_H 1
| #define HAVE_STRINGS_H 1
| #define HAVE_INTTYPES_H 1
| #define HAVE_STDINT_H 1
| #define HAVE_UNISTD_H 1
| #define HAVE_DLFCN_H 1
| #define LT_OBJDIR ".libs/"
| #define _GNU_SOURCE 1
| #define OS_DARWIN 1
| #define HAVE_POLL_H 1
| #define POLL_NFDS_TYPE nfds_t
| #define THREADS_POSIX 1
| /* end confdefs.h.  */
| #include <sys/timerfd.h>
| 
| int
| main ()
| {
| #ifndef TFD_NONBLOCK
| #ifdef __cplusplus
|   (void) TFD_NONBLOCK;
| #else
|   (void) TFD_NONBLOCK;
| #endif
| #endif
| 
|   ;
|   return 0;
| }
configure:12286: result: no
configure:12298: checking whether to use timerfd for timing
configure:12311: result: no (header not available)
configure:12316: checking for struct timespec
configure:12316: gcc -c -m32 -mmacosx-version-min=10.5  conftest.c >&5
configure:12316: $? = 0
configure:12316: gcc -c -m32 -mmacosx-version-min=10.5  conftest.c >&5
conftest.c:64:30: error: expected expression
if (sizeof ((struct timespec)))
                             ^
1 error generated.
configure:12316: $? = 1
configure: failed program was:
| /* confdefs.h */
| #define PACKAGE_NAME "libusbx"
| #define PACKAGE_TARNAME "libusbx"
| #define PACKAGE_VERSION "1.0.16"
| #define PACKAGE_STRING "libusbx 1.0.16"
| #define PACKAGE_BUGREPORT "libusbx-devel@lists.sourceforge.net"
| #define PACKAGE_URL "http://libusbx.org"
| #define PACKAGE "libusbx"
| #define VERSION "1.0.16"
| #define STDC_HEADERS 1
| #define HAVE_SYS_TYPES_H 1
| #define HAVE_SYS_STAT_H 1
| #define HAVE_STDLIB_H 1
| #define HAVE_STRING_H 1
| #define HAVE_MEMORY_H 1
| #define HAVE_STRINGS_H 1
| #define HAVE_INTTYPES_H 1
| #define HAVE_STDINT_H 1
| #define HAVE_UNISTD_H 1
| #define HAVE_DLFCN_H 1
| #define LT_OBJDIR ".libs/"
| #define _GNU_SOURCE 1
| #define OS_DARWIN 1
| #define HAVE_POLL_H 1
| #define POLL_NFDS_TYPE nfds_t
| #define THREADS_POSIX 1
| /* end confdefs.h.  */
| #include <stdio.h>
| #ifdef HAVE_SYS_TYPES_H
| # include <sys/types.h>
| #endif
| #ifdef HAVE_SYS_STAT_H
| # include <sys/stat.h>
| #endif
| #ifdef STDC_HEADERS
| # include <stdlib.h>
| # include <stddef.h>
| #else
| # ifdef HAVE_STDLIB_H
| #  include <stdlib.h>
| # endif
| #endif
| #ifdef HAVE_STRING_H
| # if !defined STDC_HEADERS && defined HAVE_MEMORY_H
| #  include <memory.h>
| # endif
| # include <string.h>
| #endif
| #ifdef HAVE_STRINGS_H
| # include <strings.h>
| #endif
| #ifdef HAVE_INTTYPES_H
| # include <inttypes.h>
| #endif
| #ifdef HAVE_STDINT_H
| # include <stdint.h>
| #endif
| #ifdef HAVE_UNISTD_H
| # include <unistd.h>
| #endif
| int
| main ()
| {
| if (sizeof ((struct timespec)))
| 	    return 0;
|   ;
|   return 0;
| }
configure:12316: result: yes
configure:12403: gcc -c -m32 -mmacosx-version-min=10.5 -Werror -fvisibility=hidden  conftest.c >&5
configure:12403: $? = 0
configure:12431: gcc -c -m32 -mmacosx-version-min=10.5 -Wno-pointer-sign  conftest.c >&5
configure:12431: $? = 0
configure:12440: checking for sigaction
configure:12440: gcc -o conftest -m32 -mmacosx-version-min=10.5   conftest.c -lobjc -Wl,-framework,IOKit -Wl,-framework,CoreFoundation >&5
configure:12440: $? = 0
configure:12440: result: yes
configure:12459: checking sys/time.h usability
configure:12459: gcc -c -m32 -mmacosx-version-min=10.5  conftest.c >&5
configure:12459: $? = 0
configure:12459: result: yes
configure:12459: checking sys/time.h presence
configure:12459: gcc -E  conftest.c
configure:12459: $? = 0
configure:12459: result: yes
configure:12459: checking for sys/time.h
configure:12459: result: yes
configure:12471: checking for gettimeofday
configure:12471: gcc -o conftest -m32 -mmacosx-version-min=10.5   conftest.c -lobjc -Wl,-framework,IOKit -Wl,-framework,CoreFoundation >&5
configure:12471: $? = 0
configure:12471: result: yes
configure:12482: checking signal.h usability
configure:12482: gcc -c -m32 -mmacosx-version-min=10.5  conftest.c >&5
configure:12482: $? = 0
configure:12482: result: yes
configure:12482: checking signal.h presence
configure:12482: gcc -E  conftest.c
configure:12482: $? = 0
configure:12482: result: yes
configure:12482: checking for signal.h
configure:12482: result: yes
configure:12621: checking that generated files are newer than configure
configure:12627: result: done
configure:12694: creating ./config.status

## ---------------------- ##
## Running config.status. ##
## ---------------------- ##

This file was extended by libusbx config.status 1.0.16, which was
generated by GNU Autoconf 2.69.  Invocation command line was

  CONFIG_FILES    = 
  CONFIG_HEADERS  = 
  CONFIG_LINKS    = 
  CONFIG_COMMANDS = 
  $ ./config.status 

on Telford-Computer.local

config.status:1170: creating libusb-1.0.pc
config.status:1170: creating Makefile
config.status:1170: creating libusb/Makefile
config.status:1170: creating examples/Makefile
config.status:1170: creating tests/Makefile
config.status:1170: creating doc/Makefile
config.status:1170: creating doc/doxygen.cfg
config.status:1170: creating config.h
config.status:1351: config.h is unchanged
config.status:1399: executing depfiles commands
config.status:1399: executing libtool commands

## ---------------- ##
## Cache variables. ##
## ---------------- ##

ac_cv_build=x86_64-apple-darwin13.0.0
ac_cv_c_compiler_gnu=yes
ac_cv_c_inline=inline
ac_cv_env_CC_set=
ac_cv_env_CC_value=
ac_cv_env_CFLAGS_set=set
ac_cv_env_CFLAGS_value='-m32 -mmacosx-version-min=10.5'
ac_cv_env_CPPFLAGS_set=
ac_cv_env_CPPFLAGS_value=
ac_cv_env_CPP_set=
ac_cv_env_CPP_value=
ac_cv_env_LDFLAGS_set=
ac_cv_env_LDFLAGS_value=
ac_cv_env_LIBS_set=
ac_cv_env_LIBS_value=
ac_cv_env_build_alias_set=
ac_cv_env_build_alias_value=
ac_cv_env_host_alias_set=
ac_cv_env_host_alias_value=
ac_cv_env_target_alias_set=
ac_cv_env_target_alias_value=
ac_cv_func_gettimeofday=yes
ac_cv_func_sigaction=yes
ac_cv_have_decl_TFD_NONBLOCK=no
ac_cv_header_dlfcn_h=yes
ac_cv_header_inttypes_h=yes
ac_cv_header_memory_h=yes
ac_cv_header_poll_h=yes
ac_cv_header_signal_h=yes
ac_cv_header_stdc=yes
ac_cv_header_stdint_h=yes
ac_cv_header_stdlib_h=yes
ac_cv_header_string_h=yes
ac_cv_header_strings_h=yes
ac_cv_header_sys_stat_h=yes
ac_cv_header_sys_time_h=yes
ac_cv_header_sys_timerfd_h=no
ac_cv_header_sys_types_h=yes
ac_cv_header_unistd_h=yes
ac_cv_host=x86_64-apple-darwin13.0.0
ac_cv_objext=o
ac_cv_path_EGREP='/usr/bin/grep -E'
ac_cv_path_FGREP='/usr/bin/grep -F'
ac_cv_path_GREP=/usr/bin/grep
ac_cv_path_SED=/usr/bin/sed
ac_cv_path_install='/usr/bin/install -c'
ac_cv_prog_AWK=awk
ac_cv_prog_CPP='gcc -E'
ac_cv_prog_ac_ct_AR=ar
ac_cv_prog_ac_ct_CC=gcc
ac_cv_prog_ac_ct_DSYMUTIL=dsymutil
ac_cv_prog_ac_ct_LIPO=lipo
ac_cv_prog_ac_ct_NMEDIT=nmedit
ac_cv_prog_ac_ct_OTOOL=otool
ac_cv_prog_ac_ct_RANLIB=ranlib
ac_cv_prog_ac_ct_STRIP=strip
ac_cv_prog_cc_c89=
ac_cv_prog_cc_g=yes
ac_cv_prog_cc_gcc_c_o=yes
ac_cv_prog_make_make_set=yes
ac_cv_type_nfds_t=yes
ac_cv_type_struct_timespec=yes
am_cv_CC_dependencies_compiler_type=gcc3
am_cv_make_support_nested_variables=yes
lt_cv_apple_cc_single_mod=yes
lt_cv_ar_at_file=no
lt_cv_deplibs_check_method=pass_all
lt_cv_file_magic_cmd='$MAGIC_CMD'
lt_cv_file_magic_test_file=
lt_cv_ld_exported_symbols_list=yes
lt_cv_ld_force_load=yes
lt_cv_ld_reload_flag=-r
lt_cv_nm_interface='BSD nm'
lt_cv_objdir=.libs
lt_cv_path_LD=/Applications/Xcode.app/Contents/Developer/Toolchains/XcodeDefault.xctoolchain/usr/bin/ld
lt_cv_path_NM=/usr/bin/nm
lt_cv_path_mainfest_tool=no
lt_cv_prog_compiler_c_o=yes
lt_cv_prog_compiler_c_o_RC=yes
lt_cv_prog_compiler_pic='-fno-common -DPIC'
lt_cv_prog_compiler_pic_works=yes
lt_cv_prog_compiler_rtti_exceptions=yes
lt_cv_prog_compiler_static_works=no
lt_cv_prog_gnu_ld=no
lt_cv_sharedlib_from_linklib_cmd='printf %s\n'
lt_cv_sys_global_symbol_pipe='sed -n -e '\''s/^.*[	 ]\([BCDEGRST][BCDEGRST]*\)[	 ][	 ]*_\([_A-Za-z][_A-Za-z0-9]*\)$/\1 _\2 \2/p'\'' | sed '\''/ __gnu_lto/d'\'''
lt_cv_sys_global_symbol_to_c_name_address='sed -n -e '\''s/^: \([^ ]*\)[ ]*$/  {\"\1\", (void *) 0},/p'\'' -e '\''s/^[BCDEGRST]* \([^ ]*\) \([^ ]*\)$/  {"\2", (void *) \&\2},/p'\'''
lt_cv_sys_global_symbol_to_c_name_address_lib_prefix='sed -n -e '\''s/^: \([^ ]*\)[ ]*$/  {\"\1\", (void *) 0},/p'\'' -e '\''s/^[BCDEGRST]* \([^ ]*\) \(lib[^ ]*\)$/  {"\2", (void *) \&\2},/p'\'' -e '\''s/^[BCDEGRST]* \([^ ]*\) \([^ ]*\)$/  {"lib\2", (void *) \&\2},/p'\'''
lt_cv_sys_global_symbol_to_cdecl='sed -n -e '\''s/^T .* \(.*\)$/extern int \1();/p'\'' -e '\''s/^[BCDEGRST]* .* \(.*\)$/extern char \1;/p'\'''
lt_cv_sys_max_cmd_len=196608
lt_cv_to_host_file_cmd=func_convert_file_noop
lt_cv_to_tool_file_cmd=func_convert_file_noop

## ----------------- ##
## Output variables. ##
## ----------------- ##

ACLOCAL='${SHELL} /Users/paul/src/github/Printrbot/FirmwareUpdatr/dfu/src/libusbx-1.0.16/missing aclocal-1.13'
AMDEPBACKSLASH='\'
AMDEP_FALSE='#'
AMDEP_TRUE=''
AMTAR='$${TAR-tar}'
AM_BACKSLASH='\'
AM_CFLAGS=' -std=gnu99 -Wall -Wundef -Wunused -Wstrict-prototypes -Werror-implicit-function-declaration -Wno-pointer-sign -Wshadow  -fvisibility=hidden'
AM_DEFAULT_V='$(AM_DEFAULT_VERBOSITY)'
AM_DEFAULT_VERBOSITY='0'
AM_V='$(V)'
AR='ar'
AUTOCONF='${SHELL} /Users/paul/src/github/Printrbot/FirmwareUpdatr/dfu/src/libusbx-1.0.16/missing autoconf'
AUTOHEADER='${SHELL} /Users/paul/src/github/Printrbot/FirmwareUpdatr/dfu/src/libusbx-1.0.16/missing autoheader'
AUTOMAKE='${SHELL} /Users/paul/src/github/Printrbot/FirmwareUpdatr/dfu/src/libusbx-1.0.16/missing automake-1.13'
AWK='awk'
BUILD_EXAMPLES_FALSE=''
BUILD_EXAMPLES_TRUE='#'
BUILD_TESTS_FALSE=''
BUILD_TESTS_TRUE='#'
CC='gcc'
CCDEPMODE='depmode=gcc3'
CFLAGS='-m32 -mmacosx-version-min=10.5'
CPP='gcc -E'
CPPFLAGS=''
CREATE_IMPORT_LIB_FALSE=''
CREATE_IMPORT_LIB_TRUE='#'
CYGPATH_W='echo'
DEFS='-DHAVE_CONFIG_H'
DEPDIR='.deps'
DLLTOOL='false'
DSYMUTIL='dsymutil'
DUMPBIN=''
ECHO_C='\c'
ECHO_N=''
ECHO_T=''
EGREP='/usr/bin/grep -E'
EXEEXT=''
FGREP='/usr/bin/grep -F'
GREP='/usr/bin/grep'
HAVE_SIGACTION_FALSE='#'
HAVE_SIGACTION_TRUE=''
INSTALL_DATA='${INSTALL} -m 644'
INSTALL_PROGRAM='${INSTALL}'
INSTALL_SCRIPT='${INSTALL}'
INSTALL_STRIP_PROGRAM='$(install_sh) -c -s'
LD='/Applications/Xcode.app/Contents/Developer/Toolchains/XcodeDefault.xctoolchain/usr/bin/ld'
LDFLAGS=''
LIBOBJS=''
LIBS='-lobjc -Wl,-framework,IOKit -Wl,-framework,CoreFoundation'
LIBTOOL='$(SHELL) $(top_builddir)/libtool'
LIPO='lipo'
LN_S='ln -s'
LTLDFLAGS='-version-info 1:0:1 -no-undefined -Wl,-prebind'
LTLIBOBJS=''
MAINT='#'
MAINTAINER_MODE_FALSE=''
MAINTAINER_MODE_TRUE='#'
MAKEINFO='${SHELL} /Users/paul/src/github/Printrbot/FirmwareUpdatr/dfu/src/libusbx-1.0.16/missing makeinfo'
MANIFEST_TOOL=':'
MKDIR_P='./install-sh -c -d'
NM='/usr/bin/nm'
NMEDIT='nmedit'
OBJDUMP='false'
OBJEXT='o'
OS_DARWIN=''
OS_DARWIN_FALSE='#'
OS_DARWIN_TRUE=''
OS_LINUX=''
OS_LINUX_FALSE=''
OS_LINUX_TRUE='#'
OS_OPENBSD=''
OS_OPENBSD_FALSE=''
OS_OPENBSD_TRUE='#'
OS_WINDOWS=''
OS_WINDOWS_FALSE=''
OS_WINDOWS_TRUE='#'
OTOOL64=':'
OTOOL='otool'
PACKAGE='libusbx'
PACKAGE_BUGREPORT='libusbx-devel@lists.sourceforge.net'
PACKAGE_NAME='libusbx'
PACKAGE_STRING='libusbx 1.0.16'
PACKAGE_TARNAME='libusbx'
PACKAGE_URL='http://libusbx.org'
PACKAGE_VERSION='1.0.16'
PATH_SEPARATOR=':'
RANLIB='ranlib'
RC=''
SED='/usr/bin/sed'
SET_MAKE=''
SHELL='/bin/sh'
STRIP='strip'
THREADS_POSIX_FALSE='#'
THREADS_POSIX_TRUE=''
USE_UDEV=''
USE_UDEV_FALSE=''
USE_UDEV_TRUE='#'
VERSION='1.0.16'
ac_ct_AR='ar'
ac_ct_CC='gcc'
ac_ct_DUMPBIN=''
am__EXEEXT_FALSE=''
am__EXEEXT_TRUE='#'
am__fastdepCC_FALSE='#'
am__fastdepCC_TRUE=''
am__include='include'
am__isrc=''
am__leading_dot='.'
am__nodep='_no'
am__quote=''
am__tar='$${TAR-tar} chof - "$$tardir"'
am__untar='$${TAR-tar} xf -'
bindir='${exec_prefix}/bin'
build='x86_64-apple-darwin13.0.0'
build_alias=''
build_cpu='x86_64'
build_os='darwin13.0.0'
build_vendor='apple'
datadir='${datarootdir}'
datarootdir='${prefix}/share'
docdir='${datarootdir}/doc/${PACKAGE_TARNAME}'
dvidir='${docdir}'
exec_prefix='${prefix}'
host='x86_64-apple-darwin13.0.0'
host_alias=''
host_cpu='x86_64'
host_os='darwin13.0.0'
host_vendor='apple'
htmldir='${docdir}'
includedir='${prefix}/include'
infodir='${datarootdir}/info'
install_sh='${SHELL} /Users/paul/src/github/Printrbot/FirmwareUpdatr/dfu/src/libusbx-1.0.16/install-sh'
libdir='${exec_prefix}/lib'
libexecdir='${exec_prefix}/libexec'
localedir='${datarootdir}/locale'
localstatedir='${prefix}/var'
mandir='${datarootdir}/man'
mkdir_p='$(MKDIR_P)'
oldincludedir='/usr/include'
pdfdir='${docdir}'
prefix='/Users/paul/src/github/Printrbot/FirmwareUpdatr/dfu'
program_transform_name='s,x,x,'
psdir='${docdir}'
sbindir='${exec_prefix}/sbin'
sharedstatedir='${prefix}/com'
sysconfdir='${prefix}/etc'
target_alias=''

## ----------- ##
## confdefs.h. ##
## ----------- ##

/* confdefs.h */
#define PACKAGE_NAME "libusbx"
#define PACKAGE_TARNAME "libusbx"
#define PACKAGE_VERSION "1.0.16"
#define PACKAGE_STRING "libusbx 1.0.16"
#define PACKAGE_BUGREPORT "libusbx-devel@lists.sourceforge.net"
#define PACKAGE_URL "http://libusbx.org"
#define PACKAGE "libusbx"
#define VERSION "1.0.16"
#define STDC_HEADERS 1
#define HAVE_SYS_TYPES_H 1
#define HAVE_SYS_STAT_H 1
#define HAVE_STDLIB_H 1
#define HAVE_STRING_H 1
#define HAVE_MEMORY_H 1
#define HAVE_STRINGS_H 1
#define HAVE_INTTYPES_H 1
#define HAVE_STDINT_H 1
#define HAVE_UNISTD_H 1
#define HAVE_DLFCN_H 1
#define LT_OBJDIR ".libs/"
#define _GNU_SOURCE 1
#define OS_DARWIN 1
#define HAVE_POLL_H 1
#define POLL_NFDS_TYPE nfds_t
#define THREADS_POSIX 1
#define HAVE_STRUCT_TIMESPEC 1
#define ENABLE_LOGGING 1
#define DEFAULT_VISIBILITY __attribute__((visibility("default")))
#define HAVE_SYS_TIME_H 1
#define HAVE_GETTIMEOFDAY 1
#define HAVE_SIGNAL_H 1

configure: exit 0
