This file contains any messages produced by compilers while
running configure, to aid debugging if configure makes a mistake.

It was created by libusb-compat configure 0.1.5, which was
generated by GNU Autoconf 2.69.  Invocation command line was

  $ ./configure --prefix=/Users/paul/src/github/Printrbot/FirmwareUpdatr/dfu LIBUSB_1_0_CFLAGS=-I/Users/paul/src/github/Printrbot/FirmwareUpdatr/dfu/include/libusb-1.0 LIBUSB_1_0_LIBS=-L/Users/paul/src/github/Printrbot/FirmwareUpdatr/dfu/lib -lusb-1.0 CFLAGS=-m32 -mmacosx-version-min=10.5

## --------- ##
## Platform. ##
## --------- ##

hostname = Telford-Computer.local
uname -m = x86_64
uname -r = 13.0.0
uname -s = Darwin
uname -v = Darwin Kernel Version 13.0.0: Thu Sep 19 22:22:27 PDT 2013; root:xnu-2422.1.72~6/RELEASE_X86_64

/usr/bin/uname -p = i386
/bin/uname -X     = unknown

/bin/arch              = unknown
/usr/bin/arch -k       = unknown
/usr/convex/getsysinfo = unknown
/usr/bin/hostinfo      = Mach kernel version:
	 Darwin Kernel Version 13.0.0: Thu Sep 19 22:22:27 PDT 2013; root:xnu-2422.1.72~6/RELEASE_X86_64
Kernel configured for up to 8 processors.
4 processors are physically available.
8 processors are logically available.
Processor type: i486 (Intel 80486)
Processors active: 0 1 2 3 4 5 6 7
Primary memory available: 16.00 gigabytes
Default processor set: 237 tasks, 1117 threads, 8 processors
Load average: 3.39, Mach factor: 4.60
/bin/machine           = unknown
/usr/bin/oslevel       = unknown
/bin/universe          = unknown

PATH: /usr/bin
PATH: /bin
PATH: /usr/sbin
PATH: /sbin
PATH: /usr/local/bin
PATH: /usr/local/git/bin
PATH: /usr/local/CrossPack-AVR/bin
PATH: /opt/local/bin
PATH: /opt/local/sbin


## ----------- ##
## Core tests. ##
## ----------- ##

configure:2188: checking for a BSD-compatible install
configure:2256: result: /usr/bin/install -c
configure:2267: checking whether build environment is sane
configure:2322: result: yes
configure:2473: checking for a thread-safe mkdir -p
configure:2512: result: ./install-sh -c -d
configure:2519: checking for gawk
configure:2549: result: no
configure:2519: checking for mawk
configure:2549: result: no
configure:2519: checking for nawk
configure:2549: result: no
configure:2519: checking for awk
configure:2535: found /usr/bin/awk
configure:2546: result: awk
configure:2557: checking whether make sets $(MAKE)
configure:2579: result: yes
configure:2608: checking whether make supports nested variables
configure:2625: result: yes
configure:2758: checking for gcc
configure:2774: found /usr/bin/gcc
configure:2785: result: gcc
configure:3014: checking for C compiler version
configure:3023: gcc --version >&5
Apple LLVM version 5.0 (clang-500.2.79) (based on LLVM 3.3svn)
Target: x86_64-apple-darwin13.0.0
Thread model: posix
Configured with: --prefix=/Applications/Xcode.app/Contents/Developer/usr --with-gxx-include-dir=/Applications/Xcode.app/Contents/Developer/Platforms/MacOSX.platform/Developer/SDKs/MacOSX10.9.sdk/usr/include/c++/4.2.1
configure:3034: $? = 0
configure:3023: gcc -v >&5
Configured with: --prefix=/Applications/Xcode.app/Contents/Developer/usr --with-gxx-include-dir=/Applications/Xcode.app/Contents/Developer/Platforms/MacOSX.platform/Developer/SDKs/MacOSX10.9.sdk/usr/include/c++/4.2.1
Apple LLVM version 5.0 (clang-500.2.79) (based on LLVM 3.3svn)
Target: x86_64-apple-darwin13.0.0
Thread model: posix
configure:3034: $? = 0
configure:3023: gcc -V >&5
clang: error: argument to '-V' is missing (expected 1 value)
clang: error: no input files
configure:3034: $? = 1
configure:3023: gcc -qversion >&5
clang: error: no input files
configure:3034: $? = 1
configure:3054: checking whether the C compiler works
configure:3076: gcc -m32 -mmacosx-version-min=10.5   conftest.c  >&5
configure:3080: $? = 0
configure:3128: result: yes
configure:3131: checking for C compiler default output file name
configure:3133: result: a.out
configure:3139: checking for suffix of executables
configure:3146: gcc -o conftest -m32 -mmacosx-version-min=10.5   conftest.c  >&5
configure:3150: $? = 0
configure:3172: result: 
configure:3194: checking whether we are cross compiling
configure:3202: gcc -o conftest -m32 -mmacosx-version-min=10.5   conftest.c  >&5
configure:3206: $? = 0
configure:3213: ./conftest
configure:3217: $? = 0
configure:3232: result: no
configure:3237: checking for suffix of object files
configure:3259: gcc -c -m32 -mmacosx-version-min=10.5  conftest.c >&5
configure:3263: $? = 0
configure:3284: result: o
configure:3288: checking whether we are using the GNU C compiler
configure:3307: gcc -c -m32 -mmacosx-version-min=10.5  conftest.c >&5
configure:3307: $? = 0
configure:3316: result: yes
configure:3325: checking whether gcc accepts -g
configure:3345: gcc -c -g  conftest.c >&5
configure:3345: $? = 0
configure:3386: result: yes
configure:3403: checking for gcc option to accept ISO C89
configure:3466: gcc  -c -m32 -mmacosx-version-min=10.5  conftest.c >&5
configure:3466: $? = 0
configure:3479: result: none needed
configure:3510: checking for style of include used by make
configure:3538: result: GNU
configure:3564: checking dependency style of gcc
configure:3675: result: gcc3
configure:3719: checking build system type
configure:3733: result: x86_64-apple-darwin13.0.0
configure:3753: checking host system type
configure:3766: result: x86_64-apple-darwin13.0.0
configure:3807: checking how to print strings
configure:3834: result: printf
configure:3855: checking for a sed that does not truncate output
configure:3919: result: /usr/bin/sed
configure:3937: checking for grep that handles long lines and -e
configure:3995: result: /usr/bin/grep
configure:4000: checking for egrep
configure:4062: result: /usr/bin/grep -E
configure:4067: checking for fgrep
configure:4129: result: /usr/bin/grep -F
configure:4164: checking for ld used by gcc
configure:4231: result: /Applications/Xcode.app/Contents/Developer/Toolchains/XcodeDefault.xctoolchain/usr/bin/ld
configure:4238: checking if the linker (/Applications/Xcode.app/Contents/Developer/Toolchains/XcodeDefault.xctoolchain/usr/bin/ld) is GNU ld
configure:4253: result: no
configure:4265: checking for BSD- or MS-compatible name lister (nm)
configure:4314: result: /usr/bin/nm
configure:4444: checking the name lister (/usr/bin/nm) interface
configure:4451: gcc -c -m32 -mmacosx-version-min=10.5  conftest.c >&5
configure:4454: /usr/bin/nm "conftest.o"
configure:4457: output
00000000 S _some_variable
configure:4464: result: BSD nm
configure:4467: checking whether ln -s works
configure:4471: result: yes
configure:4479: checking the maximum length of command line arguments
configure:4609: result: 196608
configure:4626: checking whether the shell understands some XSI constructs
configure:4636: result: yes
configure:4640: checking whether the shell understands "+="
configure:4646: result: yes
configure:4681: checking how to convert x86_64-apple-darwin13.0.0 file names to x86_64-apple-darwin13.0.0 format
configure:4721: result: func_convert_file_noop
configure:4728: checking how to convert x86_64-apple-darwin13.0.0 file names to toolchain format
configure:4748: result: func_convert_file_noop
configure:4755: checking for /Applications/Xcode.app/Contents/Developer/Toolchains/XcodeDefault.xctoolchain/usr/bin/ld option to reload object files
configure:4762: result: -r
configure:4836: checking for objdump
configure:4866: result: no
configure:4895: checking how to recognize dependent libraries
configure:5097: result: pass_all
configure:5182: checking for dlltool
configure:5212: result: no
configure:5242: checking how to associate runtime and link libraries
configure:5269: result: printf %s\n
configure:5330: checking for ar
configure:5346: found /usr/bin/ar
configure:5357: result: ar
configure:5394: checking for archiver @FILE support
configure:5411: gcc -c -m32 -mmacosx-version-min=10.5  conftest.c >&5
configure:5411: $? = 0
configure:5414: ar cru libconftest.a @conftest.lst >&5
ar: @conftest.lst: No such file or directory
configure:5417: $? = 1
configure:5437: result: no
configure:5495: checking for strip
configure:5511: found /usr/bin/strip
configure:5522: result: strip
configure:5594: checking for ranlib
configure:5610: found /usr/bin/ranlib
configure:5621: result: ranlib
configure:5723: checking command to parse /usr/bin/nm output from gcc object
configure:5843: gcc -c -m32 -mmacosx-version-min=10.5  conftest.c >&5
configure:5846: $? = 0
configure:5850: /usr/bin/nm conftest.o \| sed -n -e 's/^.*[ ]\([BCDEGRST][BCDEGRST]*\)[ ][ ]*\([_A-Za-z][_A-Za-z0-9]*\)$/\1 \2 \2/p' | sed '/ __gnu_lto/d' \> conftest.nm
configure:5853: $? = 0
cannot find nm_test_var in conftest.nm
configure:5843: gcc -c -m32 -mmacosx-version-min=10.5  conftest.c >&5
configure:5846: $? = 0
configure:5850: /usr/bin/nm conftest.o \| sed -n -e 's/^.*[ ]\([BCDEGRST][BCDEGRST]*\)[ ][ ]*_\([_A-Za-z][_A-Za-z0-9]*\)$/\1 _\2 \2/p' | sed '/ __gnu_lto/d' \> conftest.nm
configure:5853: $? = 0
configure:5919: gcc -o conftest -m32 -mmacosx-version-min=10.5   conftest.c conftstm.o >&5
configure:5922: $? = 0
configure:5960: result: ok
configure:5997: checking for sysroot
configure:6027: result: no
configure:6283: checking for mt
configure:6313: result: no
configure:6333: checking if : is a manifest tool
configure:6339: : '-?'
configure:6347: result: no
configure:6403: checking for dsymutil
configure:6419: found /usr/bin/dsymutil
configure:6430: result: dsymutil
configure:6495: checking for nmedit
configure:6511: found /usr/bin/nmedit
configure:6522: result: nmedit
configure:6587: checking for lipo
configure:6603: found /usr/bin/lipo
configure:6614: result: lipo
configure:6679: checking for otool
configure:6695: found /usr/bin/otool
configure:6706: result: otool
configure:6771: checking for otool64
configure:6801: result: no
configure:6846: checking for -single_module linker flag
gcc -m32 -mmacosx-version-min=10.5  -o libconftest.dylib -dynamiclib -Wl,-single_module conftest.c
configure:6879: result: yes
configure:6882: checking for -exported_symbols_list linker flag
configure:6902: gcc -o conftest -m32 -mmacosx-version-min=10.5   -Wl,-exported_symbols_list,conftest.sym conftest.c  >&5
configure:6902: $? = 0
configure:6912: result: yes
configure:6915: checking for -force_load linker flag
gcc -m32 -mmacosx-version-min=10.5 -c -o conftest.o conftest.c
ar cru libconftest.a conftest.o
ranlib libconftest.a
gcc -m32 -mmacosx-version-min=10.5  -o conftest conftest.c -Wl,-force_load,./libconftest.a
configure:6947: result: yes
configure:6989: checking how to run the C preprocessor
configure:7020: gcc -E  conftest.c
configure:7020: $? = 0
configure:7034: gcc -E  conftest.c
conftest.c:11:10: fatal error: 'ac_nonexistent.h' file not found
#include <ac_nonexistent.h>
         ^
1 error generated.
configure:7034: $? = 1
configure: failed program was:
| /* confdefs.h */
| #define PACKAGE_NAME "libusb-compat"
| #define PACKAGE_TARNAME "libusb-compat"
| #define PACKAGE_VERSION "0.1.5"
| #define PACKAGE_STRING "libusb-compat 0.1.5"
| #define PACKAGE_BUGREPORT ""
| #define PACKAGE_URL ""
| #define PACKAGE "libusb-compat"
| #define VERSION "0.1.5"
| /* end confdefs.h.  */
| #include <ac_nonexistent.h>
configure:7059: result: gcc -E
configure:7079: gcc -E  conftest.c
configure:7079: $? = 0
configure:7093: gcc -E  conftest.c
conftest.c:11:10: fatal error: 'ac_nonexistent.h' file not found
#include <ac_nonexistent.h>
         ^
1 error generated.
configure:7093: $? = 1
configure: failed program was:
| /* confdefs.h */
| #define PACKAGE_NAME "libusb-compat"
| #define PACKAGE_TARNAME "libusb-compat"
| #define PACKAGE_VERSION "0.1.5"
| #define PACKAGE_STRING "libusb-compat 0.1.5"
| #define PACKAGE_BUGREPORT ""
| #define PACKAGE_URL ""
| #define PACKAGE "libusb-compat"
| #define VERSION "0.1.5"
| /* end confdefs.h.  */
| #include <ac_nonexistent.h>
configure:7122: checking for ANSI C header files
configure:7142: gcc -c -m32 -mmacosx-version-min=10.5  conftest.c >&5
configure:7142: $? = 0
configure:7215: gcc -o conftest -m32 -mmacosx-version-min=10.5   conftest.c  >&5
configure:7215: $? = 0
configure:7215: ./conftest
configure:7215: $? = 0
configure:7226: result: yes
configure:7239: checking for sys/types.h
configure:7239: gcc -c -m32 -mmacosx-version-min=10.5  conftest.c >&5
configure:7239: $? = 0
configure:7239: result: yes
configure:7239: checking for sys/stat.h
configure:7239: gcc -c -m32 -mmacosx-version-min=10.5  conftest.c >&5
configure:7239: $? = 0
configure:7239: result: yes
configure:7239: checking for stdlib.h
configure:7239: gcc -c -m32 -mmacosx-version-min=10.5  conftest.c >&5
configure:7239: $? = 0
configure:7239: result: yes
configure:7239: checking for string.h
configure:7239: gcc -c -m32 -mmacosx-version-min=10.5  conftest.c >&5
configure:7239: $? = 0
configure:7239: result: yes
configure:7239: checking for memory.h
configure:7239: gcc -c -m32 -mmacosx-version-min=10.5  conftest.c >&5
configure:7239: $? = 0
configure:7239: result: yes
configure:7239: checking for strings.h
configure:7239: gcc -c -m32 -mmacosx-version-min=10.5  conftest.c >&5
configure:7239: $? = 0
configure:7239: result: yes
configure:7239: checking for inttypes.h
configure:7239: gcc -c -m32 -mmacosx-version-min=10.5  conftest.c >&5
configure:7239: $? = 0
configure:7239: result: yes
configure:7239: checking for stdint.h
configure:7239: gcc -c -m32 -mmacosx-version-min=10.5  conftest.c >&5
configure:7239: $? = 0
configure:7239: result: yes
configure:7239: checking for unistd.h
configure:7239: gcc -c -m32 -mmacosx-version-min=10.5  conftest.c >&5
configure:7239: $? = 0
configure:7239: result: yes
configure:7253: checking for dlfcn.h
configure:7253: gcc -c -m32 -mmacosx-version-min=10.5  conftest.c >&5
configure:7253: $? = 0
configure:7253: result: yes
configure:7459: checking for objdir
configure:7474: result: .libs
configure:7745: checking if gcc supports -fno-rtti -fno-exceptions
configure:7763: gcc -c -m32 -mmacosx-version-min=10.5  -fno-rtti -fno-exceptions conftest.c >&5
configure:7767: $? = 0
configure:7780: result: yes
configure:8107: checking for gcc option to produce PIC
configure:8114: result: -fno-common -DPIC
configure:8122: checking if gcc PIC flag -fno-common -DPIC works
configure:8140: gcc -c -m32 -mmacosx-version-min=10.5  -fno-common -DPIC -DPIC conftest.c >&5
configure:8144: $? = 0
configure:8157: result: yes
configure:8186: checking if gcc static flag -static works
configure:8214: result: no
configure:8229: checking if gcc supports -c -o file.o
configure:8250: gcc -c -m32 -mmacosx-version-min=10.5  -o out/conftest2.o conftest.c >&5
configure:8254: $? = 0
configure:8276: result: yes
configure:8284: checking if gcc supports -c -o file.o
configure:8331: result: yes
configure:8364: checking whether the gcc linker (/Applications/Xcode.app/Contents/Developer/Toolchains/XcodeDefault.xctoolchain/usr/bin/ld) supports shared libraries
configure:9517: result: yes
configure:9757: checking dynamic linker characteristics
configure:10490: result: darwin13.0.0 dyld
configure:10597: checking how to hardcode library paths into programs
configure:10622: result: immediate
configure:11162: checking whether stripping libraries is possible
configure:11176: result: yes
configure:11202: checking if libtool supports shared libraries
configure:11204: result: yes
configure:11207: checking whether to build shared libraries
configure:11228: result: yes
configure:11231: checking whether to build static libraries
configure:11235: result: yes
configure:11272: checking for inline
configure:11288: gcc -c -m32 -mmacosx-version-min=10.5  conftest.c >&5
configure:11288: $? = 0
configure:11296: result: inline
configure:11315: checking whether gcc and cc understand -c and -o together
configure:11346: gcc -c conftest.c -o conftest2.o >&5
configure:11350: $? = 0
configure:11356: gcc -c conftest.c -o conftest2.o >&5
configure:11360: $? = 0
configure:11371: cc -c conftest.c >&5
configure:11375: $? = 0
configure:11383: cc -c conftest.c -o conftest2.o >&5
configure:11387: $? = 0
configure:11393: cc -c conftest.c -o conftest2.o >&5
configure:11397: $? = 0
configure:11415: result: yes
configure:11507: checking for pkg-config
configure:11540: result: no
configure:11575: checking for LIBUSB_1_0
configure:11660: result: yes
configure:11725: gcc -c -m32 -mmacosx-version-min=10.5 -fgnu89-inline  conftest.c >&5
configure:11725: $? = 0
configure:11853: checking that generated files are newer than configure
configure:11859: result: done
configure:11886: creating ./config.status

## ---------------------- ##
## Running config.status. ##
## ---------------------- ##

This file was extended by libusb-compat config.status 0.1.5, which was
generated by GNU Autoconf 2.69.  Invocation command line was

  CONFIG_FILES    = 
  CONFIG_HEADERS  = 
  CONFIG_LINKS    = 
  CONFIG_COMMANDS = 
  $ ./config.status 

on Telford-Computer.local

config.status:1097: creating libusb.pc
config.status:1097: creating libusb-config
config.status:1097: creating Makefile
config.status:1097: creating libusb/Makefile
config.status:1097: creating examples/Makefile
config.status:1097: creating config.h
config.status:1278: config.h is unchanged
config.status:1326: executing depfiles commands
config.status:1326: executing libtool commands
config.status:1326: executing default commands

## ---------------- ##
## Cache variables. ##
## ---------------- ##

ac_cv_build=x86_64-apple-darwin13.0.0
ac_cv_c_compiler_gnu=yes
ac_cv_c_inline=inline
ac_cv_env_CC_set=
ac_cv_env_CC_value=
ac_cv_env_CFLAGS_set=set
ac_cv_env_CFLAGS_value='-m32 -mmacosx-version-min=10.5'
ac_cv_env_CPPFLAGS_set=
ac_cv_env_CPPFLAGS_value=
ac_cv_env_CPP_set=
ac_cv_env_CPP_value=
ac_cv_env_LDFLAGS_set=
ac_cv_env_LDFLAGS_value=
ac_cv_env_LIBS_set=
ac_cv_env_LIBS_value=
ac_cv_env_LIBUSB_1_0_CFLAGS_set=set
ac_cv_env_LIBUSB_1_0_CFLAGS_value=-I/Users/paul/src/github/Printrbot/FirmwareUpdatr/dfu/include/libusb-1.0
ac_cv_env_LIBUSB_1_0_LIBS_set=set
ac_cv_env_LIBUSB_1_0_LIBS_value='-L/Users/paul/src/github/Printrbot/FirmwareUpdatr/dfu/lib -lusb-1.0'
ac_cv_env_PKG_CONFIG_LIBDIR_set=
ac_cv_env_PKG_CONFIG_LIBDIR_value=
ac_cv_env_PKG_CONFIG_PATH_set=
ac_cv_env_PKG_CONFIG_PATH_value=
ac_cv_env_PKG_CONFIG_set=
ac_cv_env_PKG_CONFIG_value=
ac_cv_env_build_alias_set=
ac_cv_env_build_alias_value=
ac_cv_env_host_alias_set=
ac_cv_env_host_alias_value=
ac_cv_env_target_alias_set=
ac_cv_env_target_alias_value=
ac_cv_header_dlfcn_h=yes
ac_cv_header_inttypes_h=yes
ac_cv_header_memory_h=yes
ac_cv_header_stdc=yes
ac_cv_header_stdint_h=yes
ac_cv_header_stdlib_h=yes
ac_cv_header_string_h=yes
ac_cv_header_strings_h=yes
ac_cv_header_sys_stat_h=yes
ac_cv_header_sys_types_h=yes
ac_cv_header_unistd_h=yes
ac_cv_host=x86_64-apple-darwin13.0.0
ac_cv_objext=o
ac_cv_path_EGREP='/usr/bin/grep -E'
ac_cv_path_FGREP='/usr/bin/grep -F'
ac_cv_path_GREP=/usr/bin/grep
ac_cv_path_SED=/usr/bin/sed
ac_cv_path_install='/usr/bin/install -c'
ac_cv_prog_AWK=awk
ac_cv_prog_CPP='gcc -E'
ac_cv_prog_ac_ct_AR=ar
ac_cv_prog_ac_ct_CC=gcc
ac_cv_prog_ac_ct_DSYMUTIL=dsymutil
ac_cv_prog_ac_ct_LIPO=lipo
ac_cv_prog_ac_ct_NMEDIT=nmedit
ac_cv_prog_ac_ct_OTOOL=otool
ac_cv_prog_ac_ct_RANLIB=ranlib
ac_cv_prog_ac_ct_STRIP=strip
ac_cv_prog_cc_c89=
ac_cv_prog_cc_g=yes
ac_cv_prog_cc_gcc_c_o=yes
ac_cv_prog_make_make_set=yes
am_cv_CC_dependencies_compiler_type=gcc3
am_cv_make_support_nested_variables=yes
lt_cv_apple_cc_single_mod=yes
lt_cv_ar_at_file=no
lt_cv_deplibs_check_method=pass_all
lt_cv_file_magic_cmd='$MAGIC_CMD'
lt_cv_file_magic_test_file=
lt_cv_ld_exported_symbols_list=yes
lt_cv_ld_force_load=yes
lt_cv_ld_reload_flag=-r
lt_cv_nm_interface='BSD nm'
lt_cv_objdir=.libs
lt_cv_path_LD=/Applications/Xcode.app/Contents/Developer/Toolchains/XcodeDefault.xctoolchain/usr/bin/ld
lt_cv_path_NM=/usr/bin/nm
lt_cv_path_mainfest_tool=no
lt_cv_prog_compiler_c_o=yes
lt_cv_prog_compiler_pic='-fno-common -DPIC'
lt_cv_prog_compiler_pic_works=yes
lt_cv_prog_compiler_rtti_exceptions=yes
lt_cv_prog_compiler_static_works=no
lt_cv_prog_gnu_ld=no
lt_cv_sharedlib_from_linklib_cmd='printf %s\n'
lt_cv_sys_global_symbol_pipe='sed -n -e '\''s/^.*[	 ]\([BCDEGRST][BCDEGRST]*\)[	 ][	 ]*_\([_A-Za-z][_A-Za-z0-9]*\)$/\1 _\2 \2/p'\'' | sed '\''/ __gnu_lto/d'\'''
lt_cv_sys_global_symbol_to_c_name_address='sed -n -e '\''s/^: \([^ ]*\)[ ]*$/  {\"\1\", (void *) 0},/p'\'' -e '\''s/^[BCDEGRST]* \([^ ]*\) \([^ ]*\)$/  {"\2", (void *) \&\2},/p'\'''
lt_cv_sys_global_symbol_to_c_name_address_lib_prefix='sed -n -e '\''s/^: \([^ ]*\)[ ]*$/  {\"\1\", (void *) 0},/p'\'' -e '\''s/^[BCDEGRST]* \([^ ]*\) \(lib[^ ]*\)$/  {"\2", (void *) \&\2},/p'\'' -e '\''s/^[BCDEGRST]* \([^ ]*\) \([^ ]*\)$/  {"lib\2", (void *) \&\2},/p'\'''
lt_cv_sys_global_symbol_to_cdecl='sed -n -e '\''s/^T .* \(.*\)$/extern int \1();/p'\'' -e '\''s/^[BCDEGRST]* .* \(.*\)$/extern char \1;/p'\'''
lt_cv_sys_max_cmd_len=196608
lt_cv_to_host_file_cmd=func_convert_file_noop
lt_cv_to_tool_file_cmd=func_convert_file_noop
pkg_cv_LIBUSB_1_0_CFLAGS=-I/Users/paul/src/github/Printrbot/FirmwareUpdatr/dfu/include/libusb-1.0
pkg_cv_LIBUSB_1_0_LIBS='-L/Users/paul/src/github/Printrbot/FirmwareUpdatr/dfu/lib -lusb-1.0'

## ----------------- ##
## Output variables. ##
## ----------------- ##

ACLOCAL='${SHELL} /Users/paul/src/github/Printrbot/FirmwareUpdatr/dfu/src/libusb-compat-0.1.5/missing aclocal-1.13'
AMDEPBACKSLASH='\'
AMDEP_FALSE='#'
AMDEP_TRUE=''
AMTAR='$${TAR-tar}'
AM_BACKSLASH='\'
AM_CFLAGS='-std=gnu99 -fgnu89-inline -Wall -Wundef -Wunused -Wstrict-prototypes -Werror-implicit-function-declaration -Wno-pointer-sign -Wshadow'
AM_DEFAULT_V='$(AM_DEFAULT_VERBOSITY)'
AM_DEFAULT_VERBOSITY='1'
AM_V='$(V)'
AR='ar'
AUTOCONF='${SHELL} /Users/paul/src/github/Printrbot/FirmwareUpdatr/dfu/src/libusb-compat-0.1.5/missing autoconf'
AUTOHEADER='${SHELL} /Users/paul/src/github/Printrbot/FirmwareUpdatr/dfu/src/libusb-compat-0.1.5/missing autoheader'
AUTOMAKE='${SHELL} /Users/paul/src/github/Printrbot/FirmwareUpdatr/dfu/src/libusb-compat-0.1.5/missing automake-1.13'
AWK='awk'
BUILD_EXAMPLES_FALSE=''
BUILD_EXAMPLES_TRUE='#'
CC='gcc'
CCDEPMODE='depmode=gcc3'
CFLAGS='-m32 -mmacosx-version-min=10.5'
CPP='gcc -E'
CPPFLAGS=''
CYGPATH_W='echo'
DEFS='-DHAVE_CONFIG_H'
DEPDIR='.deps'
DLLTOOL='false'
DSYMUTIL='dsymutil'
DUMPBIN=''
ECHO_C='\c'
ECHO_N=''
ECHO_T=''
EGREP='/usr/bin/grep -E'
EXEEXT=''
FGREP='/usr/bin/grep -F'
GREP='/usr/bin/grep'
INSTALL_DATA='${INSTALL} -m 644'
INSTALL_PROGRAM='${INSTALL}'
INSTALL_SCRIPT='${INSTALL}'
INSTALL_STRIP_PROGRAM='$(install_sh) -c -s'
LD='/Applications/Xcode.app/Contents/Developer/Toolchains/XcodeDefault.xctoolchain/usr/bin/ld'
LDFLAGS=''
LIBOBJS=''
LIBS=''
LIBTOOL='$(SHELL) $(top_builddir)/libtool'
LIBUSB01_VERSION='0.1.12'
LIBUSB_1_0_CFLAGS='-I/Users/paul/src/github/Printrbot/FirmwareUpdatr/dfu/include/libusb-1.0'
LIBUSB_1_0_LIBS='-L/Users/paul/src/github/Printrbot/FirmwareUpdatr/dfu/lib -lusb-1.0'
LIPO='lipo'
LN_S='ln -s'
LTLIBOBJS=''
LT_AGE='4'
LT_MAJOR='8'
LT_REVISION='4'
MAKEINFO='${SHELL} /Users/paul/src/github/Printrbot/FirmwareUpdatr/dfu/src/libusb-compat-0.1.5/missing makeinfo'
MANIFEST_TOOL=':'
MKDIR_P='./install-sh -c -d'
NM='/usr/bin/nm'
NMEDIT='nmedit'
OBJDUMP='false'
OBJEXT='o'
OTOOL64=':'
OTOOL='otool'
PACKAGE='libusb-compat'
PACKAGE_BUGREPORT=''
PACKAGE_NAME='libusb-compat'
PACKAGE_STRING='libusb-compat 0.1.5'
PACKAGE_TARNAME='libusb-compat'
PACKAGE_URL=''
PACKAGE_VERSION='0.1.5'
PATH_SEPARATOR=':'
PKG_CONFIG=''
PKG_CONFIG_LIBDIR=''
PKG_CONFIG_PATH=''
RANLIB='ranlib'
SED='/usr/bin/sed'
SET_MAKE=''
SHELL='/bin/sh'
STRIP='strip'
VERSION='0.1.5'
ac_ct_AR='ar'
ac_ct_CC='gcc'
ac_ct_DUMPBIN=''
am__EXEEXT_FALSE=''
am__EXEEXT_TRUE='#'
am__fastdepCC_FALSE='#'
am__fastdepCC_TRUE=''
am__include='include'
am__isrc=''
am__leading_dot='.'
am__nodep='_no'
am__quote=''
am__tar='$${TAR-tar} chof - "$$tardir"'
am__untar='$${TAR-tar} xf -'
bindir='${exec_prefix}/bin'
build='x86_64-apple-darwin13.0.0'
build_alias=''
build_cpu='x86_64'
build_os='darwin13.0.0'
build_vendor='apple'
datadir='${datarootdir}'
datarootdir='${prefix}/share'
docdir='${datarootdir}/doc/${PACKAGE_TARNAME}'
dvidir='${docdir}'
exec_prefix='${prefix}'
host='x86_64-apple-darwin13.0.0'
host_alias=''
host_cpu='x86_64'
host_os='darwin13.0.0'
host_vendor='apple'
htmldir='${docdir}'
includedir='${prefix}/include'
infodir='${datarootdir}/info'
install_sh='${SHELL} /Users/paul/src/github/Printrbot/FirmwareUpdatr/dfu/src/libusb-compat-0.1.5/install-sh'
libdir='${exec_prefix}/lib'
libexecdir='${exec_prefix}/libexec'
localedir='${datarootdir}/locale'
localstatedir='${prefix}/var'
mandir='${datarootdir}/man'
mkdir_p='$(MKDIR_P)'
oldincludedir='/usr/include'
pdfdir='${docdir}'
prefix='/Users/paul/src/github/Printrbot/FirmwareUpdatr/dfu'
program_transform_name='s,x,x,'
psdir='${docdir}'
sbindir='${exec_prefix}/sbin'
sharedstatedir='${prefix}/com'
sysconfdir='${prefix}/etc'
target_alias=''

## ----------- ##
## confdefs.h. ##
## ----------- ##

/* confdefs.h */
#define PACKAGE_NAME "libusb-compat"
#define PACKAGE_TARNAME "libusb-compat"
#define PACKAGE_VERSION "0.1.5"
#define PACKAGE_STRING "libusb-compat 0.1.5"
#define PACKAGE_BUGREPORT ""
#define PACKAGE_URL ""
#define PACKAGE "libusb-compat"
#define VERSION "0.1.5"
#define STDC_HEADERS 1
#define HAVE_SYS_TYPES_H 1
#define HAVE_SYS_STAT_H 1
#define HAVE_STDLIB_H 1
#define HAVE_STRING_H 1
#define HAVE_MEMORY_H 1
#define HAVE_STRINGS_H 1
#define HAVE_INTTYPES_H 1
#define HAVE_STDINT_H 1
#define HAVE_UNISTD_H 1
#define HAVE_DLFCN_H 1
#define LT_OBJDIR ".libs/"
#define ENABLE_LOGGING 1
#define API_EXPORTED __attribute__((visibility("default")))

configure: exit 0
