This file contains any messages produced by compilers while
running configure, to aid debugging if configure makes a mistake.

It was created by dfu-programmer configure 0.6.2, which was
generated by GNU Autoconf 2.68.  Invocation command line was

  $ ./configure --prefix=/Users/paul/src/github/Printrbot/FirmwareUpdatr/dfu LIBUSB_1_0_CFLAGS=-I/Users/paul/src/github/Printrbot/FirmwareUpdatr/dfu/include/libusb-1.0 LIBUSB_1_0_LIBS=-L/Users/paul/src/github/Printrbot/FirmwareUpdatr/dfu/lib -lusb-1.0 CFLAGS=-m32 -mmacosx-version-min=10.5 LDFLAGS=-L/Users/paul/src/github/Printrbot/FirmwareUpdatr/dfu/lib/

## --------- ##
## Platform. ##
## --------- ##

hostname = Telford-Computer.local
uname -m = x86_64
uname -r = 13.0.0
uname -s = Darwin
uname -v = Darwin Kernel Version 13.0.0: Thu Sep 19 22:22:27 PDT 2013; root:xnu-2422.1.72~6/RELEASE_X86_64

/usr/bin/uname -p = i386
/bin/uname -X     = unknown

/bin/arch              = unknown
/usr/bin/arch -k       = unknown
/usr/convex/getsysinfo = unknown
/usr/bin/hostinfo      = Mach kernel version:
	 Darwin Kernel Version 13.0.0: Thu Sep 19 22:22:27 PDT 2013; root:xnu-2422.1.72~6/RELEASE_X86_64
Kernel configured for up to 8 processors.
4 processors are physically available.
8 processors are logically available.
Processor type: i486 (Intel 80486)
Processors active: 0 1 2 3 4 5 6 7
Primary memory available: 16.00 gigabytes
Default processor set: 240 tasks, 1148 threads, 8 processors
Load average: 4.12, Mach factor: 3.86
/bin/machine           = unknown
/usr/bin/oslevel       = unknown
/bin/universe          = unknown

PATH: /usr/bin
PATH: /bin
PATH: /usr/sbin
PATH: /sbin
PATH: /usr/local/bin
PATH: /usr/local/git/bin
PATH: /usr/local/CrossPack-AVR/bin
PATH: /opt/local/bin
PATH: /opt/local/sbin


## ----------- ##
## Core tests. ##
## ----------- ##

configure:2102: checking for a BSD-compatible install
configure:2170: result: /usr/bin/install -c
configure:2181: checking whether build environment is sane
configure:2231: result: yes
configure:2372: checking for a thread-safe mkdir -p
configure:2411: result: m4/install-sh -c -d
configure:2424: checking for gawk
configure:2454: result: no
configure:2424: checking for mawk
configure:2454: result: no
configure:2424: checking for nawk
configure:2454: result: no
configure:2424: checking for awk
configure:2440: found /usr/bin/awk
configure:2451: result: awk
configure:2462: checking whether make sets $(MAKE)
configure:2484: result: yes
configure:2569: checking whether to enable maintainer-specific portions of Makefiles
configure:2578: result: no
configure:2641: checking for gcc
configure:2657: found /usr/bin/gcc
configure:2668: result: gcc
configure:2897: checking for C compiler version
configure:2906: gcc --version >&5
Apple LLVM version 5.0 (clang-500.2.79) (based on LLVM 3.3svn)
Target: x86_64-apple-darwin13.0.0
Thread model: posix
Configured with: --prefix=/Applications/Xcode.app/Contents/Developer/usr --with-gxx-include-dir=/Applications/Xcode.app/Contents/Developer/Platforms/MacOSX.platform/Developer/SDKs/MacOSX10.9.sdk/usr/include/c++/4.2.1
configure:2917: $? = 0
configure:2906: gcc -v >&5
Configured with: --prefix=/Applications/Xcode.app/Contents/Developer/usr --with-gxx-include-dir=/Applications/Xcode.app/Contents/Developer/Platforms/MacOSX.platform/Developer/SDKs/MacOSX10.9.sdk/usr/include/c++/4.2.1
Apple LLVM version 5.0 (clang-500.2.79) (based on LLVM 3.3svn)
Target: x86_64-apple-darwin13.0.0
Thread model: posix
configure:2917: $? = 0
configure:2906: gcc -V >&5
clang: error: argument to '-V' is missing (expected 1 value)
clang: error: no input files
configure:2917: $? = 1
configure:2906: gcc -qversion >&5
clang: error: no input files
configure:2917: $? = 1
configure:2937: checking whether the C compiler works
configure:2959: gcc -m32 -mmacosx-version-min=10.5  -L/Users/paul/src/github/Printrbot/FirmwareUpdatr/dfu/lib/ conftest.c  >&5
configure:2963: $? = 0
configure:3011: result: yes
configure:3014: checking for C compiler default output file name
configure:3016: result: a.out
configure:3022: checking for suffix of executables
configure:3029: gcc -o conftest -m32 -mmacosx-version-min=10.5  -L/Users/paul/src/github/Printrbot/FirmwareUpdatr/dfu/lib/ conftest.c  >&5
configure:3033: $? = 0
configure:3055: result: 
configure:3077: checking whether we are cross compiling
configure:3085: gcc -o conftest -m32 -mmacosx-version-min=10.5  -L/Users/paul/src/github/Printrbot/FirmwareUpdatr/dfu/lib/ conftest.c  >&5
configure:3089: $? = 0
configure:3096: ./conftest
configure:3100: $? = 0
configure:3115: result: no
configure:3120: checking for suffix of object files
configure:3142: gcc -c -m32 -mmacosx-version-min=10.5  conftest.c >&5
configure:3146: $? = 0
configure:3167: result: o
configure:3171: checking whether we are using the GNU C compiler
configure:3190: gcc -c -m32 -mmacosx-version-min=10.5  conftest.c >&5
configure:3190: $? = 0
configure:3199: result: yes
configure:3208: checking whether gcc accepts -g
configure:3228: gcc -c -g  conftest.c >&5
configure:3228: $? = 0
configure:3269: result: yes
configure:3286: checking for gcc option to accept ISO C89
configure:3350: gcc  -c -m32 -mmacosx-version-min=10.5  conftest.c >&5
configure:3350: $? = 0
configure:3363: result: none needed
configure:3394: checking for style of include used by make
configure:3422: result: GNU
configure:3447: checking dependency style of gcc
configure:3557: result: gcc3
configure:4106: checking for ANSI C header files
configure:4126: gcc -c -m32 -mmacosx-version-min=10.5 -I/Users/paul/src/github/Printrbot/FirmwareUpdatr/dfu/include/libusb-1.0  conftest.c >&5
configure:4126: $? = 0
./configure: line 4140: conftest.c: command not found
configure:4210: result: no
configure:4220: checking for an ANSI C-conforming const
configure:4285: gcc -c -m32 -mmacosx-version-min=10.5 -I/Users/paul/src/github/Printrbot/FirmwareUpdatr/dfu/include/libusb-1.0  conftest.c >&5
configure:4285: $? = 0
configure:4292: result: yes
configure:4300: checking for size_t
configure:4300: gcc -c -m32 -mmacosx-version-min=10.5 -I/Users/paul/src/github/Printrbot/FirmwareUpdatr/dfu/include/libusb-1.0  conftest.c >&5
configure:4300: $? = 0
configure:4300: gcc -c -m32 -mmacosx-version-min=10.5 -I/Users/paul/src/github/Printrbot/FirmwareUpdatr/dfu/include/libusb-1.0  conftest.c >&5
conftest.c:48:21: error: expected expression
if (sizeof ((size_t)))
                    ^
1 error generated.
configure:4300: $? = 1
configure: failed program was:
| /* confdefs.h */
| #define PACKAGE_NAME "dfu-programmer"
| #define PACKAGE_TARNAME "dfu-programmer"
| #define PACKAGE_VERSION "0.6.2"
| #define PACKAGE_STRING "dfu-programmer 0.6.2"
| #define PACKAGE_BUGREPORT ""
| #define PACKAGE_URL ""
| #define PACKAGE "dfu-programmer"
| #define VERSION "0.6.2"
| #define HAVE_LIBUSB_1_0 1
| /* end confdefs.h.  */
| #include <stdio.h>
| #ifdef HAVE_SYS_TYPES_H
| # include <sys/types.h>
| #endif
| #ifdef HAVE_SYS_STAT_H
| # include <sys/stat.h>
| #endif
| #ifdef STDC_HEADERS
| # include <stdlib.h>
| # include <stddef.h>
| #else
| # ifdef HAVE_STDLIB_H
| #  include <stdlib.h>
| # endif
| #endif
| #ifdef HAVE_STRING_H
| # if !defined STDC_HEADERS && defined HAVE_MEMORY_H
| #  include <memory.h>
| # endif
| # include <string.h>
| #endif
| #ifdef HAVE_STRINGS_H
| # include <strings.h>
| #endif
| #ifdef HAVE_INTTYPES_H
| # include <inttypes.h>
| #endif
| #ifdef HAVE_STDINT_H
| # include <stdint.h>
| #endif
| #ifdef HAVE_UNISTD_H
| # include <unistd.h>
| #endif
| int
| main ()
| {
| if (sizeof ((size_t)))
| 	    return 0;
|   ;
|   return 0;
| }
configure:4300: result: yes
configure:4315: checking stdlib.h usability
configure:4315: gcc -c -m32 -mmacosx-version-min=10.5 -I/Users/paul/src/github/Printrbot/FirmwareUpdatr/dfu/include/libusb-1.0  conftest.c >&5
configure:4315: $? = 0
configure:4315: result: yes
configure:4315: checking stdlib.h presence
configure:4315:   conftest.c
./configure: line 1468: conftest.c: command not found
configure:4315: $? = 127
configure: failed program was:
| /* confdefs.h */
| #define PACKAGE_NAME "dfu-programmer"
| #define PACKAGE_TARNAME "dfu-programmer"
| #define PACKAGE_VERSION "0.6.2"
| #define PACKAGE_STRING "dfu-programmer 0.6.2"
| #define PACKAGE_BUGREPORT ""
| #define PACKAGE_URL ""
| #define PACKAGE "dfu-programmer"
| #define VERSION "0.6.2"
| #define HAVE_LIBUSB_1_0 1
| /* end confdefs.h.  */
| #include <stdlib.h>
configure:4315: result: no
configure:4315: WARNING: stdlib.h: accepted by the compiler, rejected by the preprocessor!
configure:4315: WARNING: stdlib.h: proceeding with the compiler's result
configure:4315: checking for stdlib.h
configure:4315: result: yes
configure:4325: checking for GNU libc compatible malloc
configure:4349: gcc -o conftest -m32 -mmacosx-version-min=10.5 -I/Users/paul/src/github/Printrbot/FirmwareUpdatr/dfu/include/libusb-1.0  -L/Users/paul/src/github/Printrbot/FirmwareUpdatr/dfu/lib/ conftest.c  -lusb-1.0 >&5
configure:4349: $? = 0
configure:4349: ./conftest
configure:4349: $? = 0
configure:4359: result: yes
configure:4380: checking for working memcmp
configure:4423: gcc -o conftest -m32 -mmacosx-version-min=10.5 -I/Users/paul/src/github/Printrbot/FirmwareUpdatr/dfu/include/libusb-1.0  -L/Users/paul/src/github/Printrbot/FirmwareUpdatr/dfu/lib/ conftest.c  -lusb-1.0 >&5
conftest.c:53:7: warning: implicitly declaring library function 'memcmp' with type 'int (const void *, const void *, unsigned long)'
  if (memcmp(&c0, &c2, 1) >= 0 || memcmp(&c1, &c2, 1) >= 0)
      ^
conftest.c:53:7: note: please include the header <string.h> or explicitly provide a declaration for 'memcmp'
conftest.c:67:2: warning: implicitly declaring library function 'strcpy' with type 'char *(char *, const char *)'
        strcpy (a, "--------01111111");
        ^
conftest.c:67:2: note: please include the header <string.h> or explicitly provide a declaration for 'strcpy'
2 warnings generated.
configure:4423: $? = 0
configure:4423: ./conftest
configure:4423: $? = 0
configure:4433: result: yes
configure:4580: creating ./config.status

## ---------------------- ##
## Running config.status. ##
## ---------------------- ##

This file was extended by dfu-programmer config.status 0.6.2, which was
generated by GNU Autoconf 2.68.  Invocation command line was

  CONFIG_FILES    = 
  CONFIG_HEADERS  = 
  CONFIG_LINKS    = 
  CONFIG_COMMANDS = 
  $ ./config.status 

on Telford-Computer.local

config.status:858: creating fedora/dfu-programmer.spec
config.status:858: creating Makefile
config.status:858: creating docs/Makefile
config.status:858: creating src/Makefile
config.status:858: creating src/config.h
config.status:1039: src/config.h is unchanged
config.status:1087: executing depfiles commands

## ---------------- ##
## Cache variables. ##
## ---------------- ##

ac_cv_c_compiler_gnu=yes
ac_cv_c_const=yes
ac_cv_env_CC_set=
ac_cv_env_CC_value=
ac_cv_env_CFLAGS_set=set
ac_cv_env_CFLAGS_value='-m32 -mmacosx-version-min=10.5'
ac_cv_env_CPPFLAGS_set=
ac_cv_env_CPPFLAGS_value=
ac_cv_env_CPP_set=
ac_cv_env_CPP_value=
ac_cv_env_LDFLAGS_set=set
ac_cv_env_LDFLAGS_value=-L/Users/paul/src/github/Printrbot/FirmwareUpdatr/dfu/lib/
ac_cv_env_LIBS_set=
ac_cv_env_LIBS_value=
ac_cv_env_build_alias_set=
ac_cv_env_build_alias_value=
ac_cv_env_host_alias_set=
ac_cv_env_host_alias_value=
ac_cv_env_target_alias_set=
ac_cv_env_target_alias_value=
ac_cv_func_malloc_0_nonnull=yes
ac_cv_func_memcmp_working=yes
ac_cv_header_stdc=no
ac_cv_header_stdlib_h=yes
ac_cv_objext=o
ac_cv_path_install='/usr/bin/install -c'
ac_cv_prog_AWK=awk
ac_cv_prog_ac_ct_CC=gcc
ac_cv_prog_cc_c89=
ac_cv_prog_cc_g=yes
ac_cv_prog_make_make_set=yes
ac_cv_type_size_t=yes
am_cv_CC_dependencies_compiler_type=gcc3

## ----------------- ##
## Output variables. ##
## ----------------- ##

ACLOCAL='${SHELL} /Users/paul/src/github/Printrbot/FirmwareUpdatr/dfu/src/dfu-programmer/m4/missing --run aclocal-1.11'
AMDEPBACKSLASH='\'
AMDEP_FALSE='#'
AMDEP_TRUE=''
AMTAR='${SHELL} /Users/paul/src/github/Printrbot/FirmwareUpdatr/dfu/src/dfu-programmer/m4/missing --run tar'
AUTOCONF='${SHELL} /Users/paul/src/github/Printrbot/FirmwareUpdatr/dfu/src/dfu-programmer/m4/missing --run autoconf'
AUTOHEADER='${SHELL} /Users/paul/src/github/Printrbot/FirmwareUpdatr/dfu/src/dfu-programmer/m4/missing --run autoheader'
AUTOMAKE='${SHELL} /Users/paul/src/github/Printrbot/FirmwareUpdatr/dfu/src/dfu-programmer/m4/missing --run automake-1.11'
AWK='awk'
CC='gcc'
CCDEPMODE='depmode=gcc3'
CFLAGS='-m32 -mmacosx-version-min=10.5 -I/Users/paul/src/github/Printrbot/FirmwareUpdatr/dfu/include/libusb-1.0'
CPP=''
CPPFLAGS=''
CYGPATH_W='echo'
DEFS='-DHAVE_CONFIG_H'
DEPDIR='.deps'
ECHO_C='\c'
ECHO_N=''
ECHO_T=''
EGREP=''
EXEEXT=''
GREP=''
INSTALL_DATA='${INSTALL} -m 644'
INSTALL_PROGRAM='${INSTALL}'
INSTALL_SCRIPT='${INSTALL}'
INSTALL_STRIP_PROGRAM='$(install_sh) -c -s'
LDFLAGS='-L/Users/paul/src/github/Printrbot/FirmwareUpdatr/dfu/lib/'
LIBOBJS=''
LIBS=' -lusb-1.0'
LTLIBOBJS=''
MAINT='#'
MAINTAINER_MODE_FALSE=''
MAINTAINER_MODE_TRUE='#'
MAKEINFO='${SHELL} /Users/paul/src/github/Printrbot/FirmwareUpdatr/dfu/src/dfu-programmer/m4/missing --run makeinfo'
MKDIR_P='m4/install-sh -c -d'
OBJEXT='o'
PACKAGE='dfu-programmer'
PACKAGE_BUGREPORT=''
PACKAGE_NAME='dfu-programmer'
PACKAGE_STRING='dfu-programmer 0.6.2'
PACKAGE_TARNAME='dfu-programmer'
PACKAGE_URL=''
PACKAGE_VERSION='0.6.2'
PATH_SEPARATOR=':'
SET_MAKE=''
SHELL='/bin/sh'
STRIP=''
VERSION='0.6.2'
ac_ct_CC='gcc'
am__EXEEXT_FALSE=''
am__EXEEXT_TRUE='#'
am__fastdepCC_FALSE='#'
am__fastdepCC_TRUE=''
am__include='include'
am__isrc=''
am__leading_dot='.'
am__quote=''
am__tar='${AMTAR} chof - "$$tardir"'
am__untar='${AMTAR} xf -'
bindir='${exec_prefix}/bin'
build_alias=''
datadir='${datarootdir}'
datarootdir='${prefix}/share'
docdir='${datarootdir}/doc/${PACKAGE_TARNAME}'
dvidir='${docdir}'
exec_prefix='${prefix}'
host_alias=''
htmldir='${docdir}'
includedir='${prefix}/include'
infodir='${datarootdir}/info'
install_sh='${SHELL} /Users/paul/src/github/Printrbot/FirmwareUpdatr/dfu/src/dfu-programmer/m4/install-sh'
libdir='${exec_prefix}/lib'
libexecdir='${exec_prefix}/libexec'
localedir='${datarootdir}/locale'
localstatedir='${prefix}/var'
mandir='${datarootdir}/man'
mkdir_p='$(top_builddir)/m4/install-sh -c -d'
oldincludedir='/usr/include'
pdfdir='${docdir}'
prefix='/Users/paul/src/github/Printrbot/FirmwareUpdatr/dfu'
program_transform_name='s,x,x,'
psdir='${docdir}'
sbindir='${exec_prefix}/sbin'
sharedstatedir='${prefix}/com'
sysconfdir='${prefix}/etc'
target_alias=''

## ----------- ##
## confdefs.h. ##
## ----------- ##

/* confdefs.h */
#define PACKAGE_NAME "dfu-programmer"
#define PACKAGE_TARNAME "dfu-programmer"
#define PACKAGE_VERSION "0.6.2"
#define PACKAGE_STRING "dfu-programmer 0.6.2"
#define PACKAGE_BUGREPORT ""
#define PACKAGE_URL ""
#define PACKAGE "dfu-programmer"
#define VERSION "0.6.2"
#define HAVE_LIBUSB_1_0 1
#define HAVE_STDLIB_H 1
#define HAVE_MALLOC 1

configure: exit 0
